The system is: Windows - 10.0.22621 - AMD64
Compiling the CXX compiler identification source file "CMakeCXXCompilerId.cpp" succeeded.
Compiler:  
Build flags: 
Id flags:  

The output was:
0
用于 .NET Framework 的 Microsoft (R) 生成引擎版本 17.3.0-preview-22226-03+b6fc583d4
版权所有(C) Microsoft Corporation。保留所有权利。

生成启动时间为 2022/12/27 19:33:42。
节点 1 上的项目“C:\Users\Asaki\Desktop\CMake\build\CMakeFiles\3.24.0-rc1\CompilerIdCXX\CompilerIdCXX.vcxproj”(默认目标)。
PrepareForBuild:
  正在创建目录“Debug\”。
  正在创建目录“Debug\CompilerIdCXX.tlog\”。
InitializeBuildStatus:
  正在创建“Debug\CompilerIdCXX.tlog\unsuccessfulbuild”，因为已指定“AlwaysCreate”。
ClCompile:
  D:\vs2022_add_huanchun\VC\Tools\MSVC\14.33.31424\bin\HostX64\x64\CL.exe /c /nologo /W0 /WX- /diagnostics:column /Od /D _MBCS /Gm- /EHsc /RTC1 /MDd /GS /fp:precise /Zc:wchar_t /Zc:forScope /Zc:inline /Fo"Debug\\" /Fd"Debug\vc143.pdb" /external:W0 /Gd /TP /FC /errorReport:queue CMakeCXXCompilerId.cpp
  CMakeCXXCompilerId.cpp
Link:
  D:\vs2022_add_huanchun\VC\Tools\MSVC\14.33.31424\bin\HostX64\x64\link.exe /ERRORREPORT:QUEUE /OUT:".\CompilerIdCXX.exe" /INCREMENTAL:NO /NOLOGO kernel32.lib user32.lib gdi32.lib winspool.lib comdlg32.lib advapi32.lib shell32.lib ole32.lib oleaut32.lib uuid.lib odbc32.lib odbccp32.lib /MANIFEST /MANIFESTUAC:"level='asInvoker' uiAccess='false'" /manifest:embed /PDB:".\CompilerIdCXX.pdb" /SUBSYSTEM:CONSOLE /TLBID:1 /DYNAMICBASE /NXCOMPAT /IMPLIB:".\CompilerIdCXX.lib" /MACHINE:X64 Debug\CMakeCXXCompilerId.obj
  CompilerIdCXX.vcxproj -> C:\Users\Asaki\Desktop\CMake\build\CMakeFiles\3.24.0-rc1\CompilerIdCXX\CompilerIdCXX.exe
PostBuildEvent:
  for %%i in (cl.exe) do @echo CMAKE_CXX_COMPILER=%%~$PATH:i
  :VCEnd
  CMAKE_CXX_COMPILER=D:\vs2022_add_huanchun\VC\Tools\MSVC\14.33.31424\bin\Hostx64\x64\cl.exe
FinalizeBuildStatus:
  正在删除文件“Debug\CompilerIdCXX.tlog\unsuccessfulbuild”。
  正在对“Debug\CompilerIdCXX.tlog\CompilerIdCXX.lastbuildstate”执行 Touch 任务。
已完成生成项目“C:\Users\Asaki\Desktop\CMake\build\CMakeFiles\3.24.0-rc1\CompilerIdCXX\CompilerIdCXX.vcxproj”(默认目标)的操作。

已成功生成。
    0 个警告
    0 个错误

已用时间 00:00:00.80


Compilation of the CXX compiler identification source "CMakeCXXCompilerId.cpp" produced "CompilerIdCXX.exe"

Compilation of the CXX compiler identification source "CMakeCXXCompilerId.cpp" produced "CompilerIdCXX.vcxproj"

The CXX compiler identification is MSVC, found in "C:/Users/Asaki/Desktop/CMake/build/CMakeFiles/3.24.0-rc1/CompilerIdCXX/CompilerIdCXX.exe"

Detecting CXX compiler ABI info compiled with the following output:
Change Dir: C:/Users/Asaki/Desktop/CMake/build/CMakeFiles/CMakeTmp

Run Build Command(s):D:/vs2022_add_huanchun/MSBuild/Current/Bin/amd64/MSBuild.exe cmTC_dc3ce.vcxproj /p:Configuration=Debug /p:Platform=x64 /p:VisualStudioVersion=17.0 /v:m && 用于 .NET Framework 的 Microsoft (R) 生成引擎版本 17.3.0-preview-22226-03+b6fc583d4
版权所有(C) Microsoft Corporation。保留所有权利。

  用于 x64 的 Microsoft (R) C/C++ 优化编译器 19.33.31424 版
  CMakeCXXCompilerABI.cpp
  版权所有(C) Microsoft Corporation。保留所有权利。
  cl /c /Zi /W1 /WX- /diagnostics:column /Od /Ob0 /D _MBCS /D WIN32 /D _WINDOWS /D "CMAKE_INTDIR=\"Debug\"" /Gm- /EHsc /RTC1 /MDd /GS /fp:precise /Zc:wchar_t /Zc:forScope /Zc:inline /GR /Fo"cmTC_dc3ce.dir\Debug\\" /Fd"cmTC_dc3ce.dir\Debug\vc143.pdb" /external:W1 /Gd /TP /errorReport:queue "F:\CMake\share\cmake-3.24\Modules\CMakeCXXCompilerABI.cpp"
  cmTC_dc3ce.vcxproj -> C:\Users\Asaki\Desktop\CMake\build\CMakeFiles\CMakeTmp\Debug\cmTC_dc3ce.exe



